> show dbs
admin   0.000GB
config  0.000GB
local   0.000GB

> use webdev
switched to db webdev

> db.movies.insert({title: 'Aliens', rating: 4.5})
WriteResult({ "nInserted" : 1 })

> db.movies.insert({title: 'Terminator', rating: 4.8})
WriteResult({ "nInserted" : 1 })
> db.movies.insert({title: 'Avatar', rating: 4.7})
WriteResult({ "nInserted" : 1 })
> db.movies.insert({title: 'Dune', rating: 4.9})
WriteResult({ "nInserted" : 1 })

> db.movies.find();
{ "_id" : ObjectId("61906070552b95e25f823a15"), "title" : "Aliens", "rating" : 4.5 }
{ "_id" : ObjectId("619060d4552b95e25f823a16"), "title" : "Terminator", "rating" : 4.8 }
{ "_id" : ObjectId("619060ee552b95e25f823a17"), "title" : "Avatar", "rating" : 4.7 }
{ "_id" : ObjectId("61906158552b95e25f823a18"), "title" : "Dune", "rating" : 4.9 }

> db.movies.find({_id: ObjectId("61906070552b95e25f823a15")});
{ "_id" : ObjectId("61906070552b95e25f823a15"), "title" : "Aliens", "rating" : 4.5 }

> db.movies.find({title: 'Aliens'});
{ "_id" : ObjectId("61906070552b95e25f823a15"), "title" : "Aliens", "rating" : 4.5 }

> db.movies.find({title: 'Aliens'});
{ "_id" : ObjectId("61906070552b95e25f823a15"), "title" : "Aliens", "rating" : 4.5 }

> db.movies.find().pretty()
{
        "_id" : ObjectId("61906070552b95e25f823a15"),
        "title" : "Aliens",
        "rating" : 4.5
}
{
        "_id" : ObjectId("619060d4552b95e25f823a16"),
        "title" : "Terminator",
        "rating" : 4.8
}
{
        "_id" : ObjectId("619060ee552b95e25f823a17"),
        "title" : "Avatar",
        "rating" : 4.7
}
{
        "_id" : ObjectId("61906158552b95e25f823a18"),
        "title" : "Dune",
        "rating" : 4.9
}



> db.movies.updateOne({title: 'Avatar'}, {$set: {rating: 4.9}})
{ "acknowledged" : true, "matchedCount" : 1, "modifiedCount" : 1 }

> db.movies.updateOne({_id: ObjectId("61906070552b95e25f823a15")}, {$set: {rating: 4.5}});
{ "acknowledged" : true, "matchedCount" : 1, "modifiedCount" : 0 }

> db.movies.remove({_id: ObjectId("61906070552b95e25f823a15")});
WriteResult({ "nRemoved" : 1 })

> db.movies.find();
{ "_id" : ObjectId("619060d4552b95e25f823a16"), "title" : "Terminator", "rating" : 4.8 }
{ "_id" : ObjectId("619060ee552b95e25f823a17"), "title" : "Avatar", "rating" : 4.9 }
{ "_id" : ObjectId("61906158552b95e25f823a18"), "title" : "Dune", "rating" : 4.9 }


> use webdev
switched to db webdev

> db.tweets.insert({
    "topic": "Web Development",
    "userName": "ReactJS",
    "verified": false,
    "handle": "ReactJS",
    "time": "2h",
    "title": "React.js is a component based front end library that makes it very easy to build Single Page Applications or SPAs",
    "tweet": "Lorem ipsum dolor sit amet, consectetur adipiscing elit, sed do eiusmod tempor incididunt ut labore et dolore magna aliqua. Ut enim ad minim veniam, quis nostrud exercitation ullamco laboris nisi ut aliquip ex ea commodo consequat. Duis aute irure dolor in reprehenderit in voluptate velit esse cillum dolore eu fugiat nulla pariatur.",
    "attachments": {
      "video": "unKvMC3Y1kI"
    },
    "logo-image": " /images/react-blue.png ",
    "avatar-image": "/images/react-blue.png",
    "stats": {
      "comments": 123,
      "retweets": 234,
      "likes": 345
    }})

    db.tweets.insert({
            "topic": "Space",
            "userName": "SpaceX",
            "verified": false,
            "handle": "spacex",
            "title": "",
            "tweet": "Lorem ipsum dolor sit amet, consectetur adipiscing elit, sed do eiusmod tempor incididunt ut labore et dolore magna aliqua. Ut enim ad minim veniam, quis nostrud exercitation ullamco laboris nisi ut aliquip ex ea commodo consequat. Duis aute irure dolor in reprehenderit in voluptate velit esse cillum dolore eu fugiat nulla pariatur.",
            "attachments": {
                "image": "/images/starship.jpg"
            },
            "time": "last month",
            "logo-image": "/images/node-js.jpg",
            "avatar-image": "/images/node-js.jpg",
            "tweets": "120K",
            "stats": {
                "comments": 123,
                "retweets": 234,
                "likes": 345
            }
    })

    db.tweets.insert({
            "topic": "Space",
            "userName": "Scott Manley",
            "verified": true,
            "handle": "DJSnM",
            "published-date": "2020-12-10",
            "time": "1 day",
            "title": "JavaScript is programming language that can run on browsers as well as desktops",
            "tweet": "Lorem ipsum dolor sit amet, consectetur adipiscing elit, sed do eiusmod tempor incididunt ut labore et dolore magna aliqua. Ut enim ad minim veniam, quis nostrud exercitation ullamco laboris nisi ut aliquip ex ea commodo consequat. Duis aute irure dolor in reprehenderit in voluptate velit esse cillum dolore eu fugiat nulla pariatur.",
            "logo-image": "/images/javascript.jpg",
            "avatar-image": "/images/javascript.jpg",
            "tweets": "123K",
            "stats": {
                "comments": 123,
                "retweets": 234,
                "likes": 345
            }
    })

    db.tweets.insert({
            "topic": "Web Development",
            "userName": "jQuery",
            "verified": false,
            "handle": "jQuery",
            "title": "jQuery",
            "tweet": "Lorem ipsum dolor sit amet, consectetur adipiscing elit, sed do eiusmod tempor incididunt ut labore et dolore magna aliqua. Ut enim ad minim veniam, quis nostrud exercitation ullamco laboris nisi ut aliquip ex ea commodo consequat. Duis aute irure dolor in reprehenderit in voluptate velit esse cillum dolore eu fugiat nulla pariatur.",
            "time": "last week",
            "logo-image": "/images/jquery.png",
            "avatar-image": "/images/jquery.png",
            "tweets": "122K",
            "stats": {
                "comments": 123,
                "retweets": 234,
                "likes": 345
            }
    })

    db.tweets.insert({
            "topic": "Web Development",
            "userName": "NodeJS",
            "verified": true,
            "handle": "NodeJS",
            "title": "",
            "tweet": "Lorem ipsum dolor sit amet, consectetur adipiscing elit, sed do eiusmod tempor incididunt ut labore et dolore magna aliqua. Ut enim ad minim veniam, quis nostrud exercitation ullamco laboris nisi ut aliquip ex ea commodo consequat. Duis aute irure dolor in reprehenderit in voluptate velit esse cillum dolore eu fugiat nulla pariatur.",
            "time": "last month",
            "logo-image": "/images/node-js.jpg",
            "avatar-image": "/images/node-js.jpg",
            "tweets": "120K",
            "stats": {
                "comments": 123,
                "retweets": 234,
                "likes": 345
            }
    })




db.who.insert({   "avatarIcon": "/images/java.jpg",
    "userName": "Java",
    "handle": "Java"
  })

db.who.insert({   "avatarIcon": "/images/relativity_space.jpg",
    "userName": "Relativity Space",
    "handle": "relativityspace"
  })

db.who.insert({   "avatarIcon": "/images/virgin.jpg",
    "userName": "Virgin Galactic",
    "handle": "virgingalactic"
  })

db.who.insert({   "avatarIcon": "/images/nasa.jpg",
    "userName": "NASA",
    "handle": "NASA"
  })

db.who.insert({   "avatarIcon": "/images/tesla.jpg",
    "userName": "Tesla",
    "handle": "Tesla"
  })




db.profiles.insert({
    "firstName": "Jose",
    "lastName": "Annunziato",
    "handle": "jannunzi",
    "profilePicture": "/images/jose.jpg",
    "bannerPicture": "/images/profile_bg.jpg",
    "bio": "Faculty, Software Engineer, AI, Space, and renewable enthusiast. Retweets and likes are not endorsements.",
    "website": "youtube.com/webdevtv",
    "location": "Boston, MA",
    "dateOfBirth": "07/07/1968",
    "dateJoined": "4/2009",
    "followingCount": 312,
    "followersCount": 180,
    "fullName": "Jose Annunziato"
  })



mongoexport --collection=movies --db=webdev --out=movies.json
mongoexport --collection=tweets --db=webdev --out=tweets.json
mongoexport --collection=profiles --db=webdev --out=profiles.json
mongoexport --collection=who --db=webdev --out=who.json




